<?xml version="1.0" encoding="UTF-8"?>
<!-- Generated by org.testng.reporters.JUnitReportReporter -->
<testsuite skipped="0" hostname="DESKTOP-MC67K9O" name="runners.testrunner" tests="19" failures="2" timestamp="2022-10-15T17:20:02 EET" time="179.184" errors="1">
  <testcase name="runScenario" time="8.045" classname="runners.testrunner">
    <failure type="java.lang.AssertionError" message="The following asserts failed:
	Page Is Wrong expected [true] but found [false]">
      <![CDATA[java.lang.AssertionError: The following asserts failed:
Page Is Wrong expected [true] but found [false]
at org.testng.asserts.SoftAssert.assertAll(SoftAssert.java:46)
at org.testng.asserts.SoftAssert.assertAll(SoftAssert.java:30)
at stepDefinitions.D06_homeSlidersStepDef.click_on_image(D06_homeSlidersStepDef.java:29)
at ✽.new page is opened with expected url "https://demo.nopcommerce.com/nokia-lumia-1020"(file:///D:/E-commerce%20app/NEW_E_COMMERCE/src/main/resources/features/F06_homeSliders.feature:5)
]]>
    </failure>
  </testcase> <!-- runScenario -->
  <system-out/>
  <testcase name="runScenario" time="10.356" classname="runners.testrunner"/>
  <system-out/>
  <testcase name="runScenario" time="7.592" classname="runners.testrunner"/>
  <system-out/>
  <testcase name="runScenario" time="8.501" classname="runners.testrunner"/>
  <system-out/>
  <testcase name="runScenario" time="7.654" classname="runners.testrunner"/>
  <system-out/>
  <testcase name="runScenario" time="9.102" classname="runners.testrunner"/>
  <system-out/>
  <testcase name="runScenario" time="13.310" classname="runners.testrunner"/>
  <system-out/>
  <testcase name="runScenario" time="8.009" classname="runners.testrunner">
    <error type="java.lang.IndexOutOfBoundsException" message="Index: 1, Size: 1">
      <![CDATA[java.lang.IndexOutOfBoundsException: Index: 1, Size: 1
at java.util.ArrayList.rangeCheck(ArrayList.java:659)
at java.util.ArrayList.get(ArrayList.java:435)
at stepDefinitions.D07_followUsStepDef.follow_us_link_opens(D07_followUsStepDef.java:57)
at ✽."https://demo.nopcommerce.com/new-online-store-is-open" is opened in new tab(file:///D:/E-commerce%20app/NEW_E_COMMERCE/src/main/resources/features/F07_followUs.feature:14)
]]>
    </error>
  </testcase> <!-- runScenario -->
  <system-out/>
  <testcase name="runScenario" time="9.209" classname="runners.testrunner"/>
  <system-out/>
  <testcase name="runScenario" time="9.734" classname="runners.testrunner"/>
  <system-out/>
  <testcase name="runScenario" time="8.690" classname="runners.testrunner"/>
  <system-out/>
  <testcase name="runScenario" time="6.069" classname="runners.testrunner"/>
  <system-out/>
  <testcase name="runScenario" time="10.730" classname="runners.testrunner"/>
  <system-out/>
  <testcase name="runScenario" time="9.525" classname="runners.testrunner"/>
  <system-out/>
  <testcase name="runScenario" time="9.095" classname="runners.testrunner"/>
  <system-out/>
  <testcase name="runScenario" time="8.060" classname="runners.testrunner">
    <failure type="java.lang.AssertionError" message="The following asserts failed:
	Page Is Wrong expected [true] but found [false]">
      <![CDATA[java.lang.AssertionError: The following asserts failed:
Page Is Wrong expected [true] but found [false]
at org.testng.asserts.SoftAssert.assertAll(SoftAssert.java:46)
at org.testng.asserts.SoftAssert.assertAll(SoftAssert.java:30)
at stepDefinitions.D06_homeSlidersStepDef.click_on_image(D06_homeSlidersStepDef.java:29)
at ✽.new page is opened with expected url "https://demo.nopcommerce.com/iphone-6"(file:///D:/E-commerce%20app/NEW_E_COMMERCE/src/main/resources/features/F06_homeSliders.feature:9)
]]>
    </failure>
  </testcase> <!-- runScenario -->
  <system-out/>
  <testcase name="runScenario" time="7.821" classname="runners.testrunner"/>
  <system-out/>
  <testcase name="runScenario" time="19.902" classname="runners.testrunner"/>
  <system-out/>
  <testcase name="runScenario" time="7.780" classname="runners.testrunner"/>
  <system-out/>
</testsuite> <!-- runners.testrunner -->
