<?xml version="1.0" encoding="UTF-8"?>
<!-- Generated by org.testng.reporters.JUnitReportReporter -->
<testsuite skipped="0" hostname="DESKTOP-MC67K9O" name="runners.testrunner" tests="19" failures="2" timestamp="2022-10-15T17:08:50 EET" time="182.708" errors="1">
  <testcase name="runScenario" time="20.288" classname="runners.testrunner"/>
  <system-out/>
  <testcase name="runScenario" time="7.927" classname="runners.testrunner">
    <failure type="java.lang.AssertionError" message="The following asserts failed:
	Page Is Wrong expected [true] but found [false]">
      <![CDATA[java.lang.AssertionError: The following asserts failed:
Page Is Wrong expected [true] but found [false]
at org.testng.asserts.SoftAssert.assertAll(SoftAssert.java:46)
at org.testng.asserts.SoftAssert.assertAll(SoftAssert.java:30)
at stepDefinitions.D06_homeSlidersStepDef.click_on_image(D06_homeSlidersStepDef.java:29)
at ✽.new page is opened with expected url "https://demo.nopcommerce.com/iphone-6"(file:///D:/E-commerce%20app/NEW_E_COMMERCE/src/main/resources/features/F06_homeSliders.feature:9)
]]>
    </failure>
  </testcase> <!-- runScenario -->
  <system-out/>
  <testcase name="runScenario" time="8.932" classname="runners.testrunner"/>
  <system-out/>
  <testcase name="runScenario" time="6.060" classname="runners.testrunner"/>
  <system-out/>
  <testcase name="runScenario" time="8.610" classname="runners.testrunner"/>
  <system-out/>
  <testcase name="runScenario" time="8.710" classname="runners.testrunner"/>
  <system-out/>
  <testcase name="runScenario" time="8.188" classname="runners.testrunner">
    <failure type="java.lang.AssertionError" message="The following asserts failed:
	Page Is Wrong expected [true] but found [false]">
      <![CDATA[java.lang.AssertionError: The following asserts failed:
Page Is Wrong expected [true] but found [false]
at org.testng.asserts.SoftAssert.assertAll(SoftAssert.java:46)
at org.testng.asserts.SoftAssert.assertAll(SoftAssert.java:30)
at stepDefinitions.D06_homeSlidersStepDef.click_on_image(D06_homeSlidersStepDef.java:29)
at ✽.new page is opened with expected url "https://demo.nopcommerce.com/nokia-lumia-1020"(file:///D:/E-commerce%20app/NEW_E_COMMERCE/src/main/resources/features/F06_homeSliders.feature:5)
]]>
    </failure>
  </testcase> <!-- runScenario -->
  <system-out/>
  <testcase name="runScenario" time="6.737" classname="runners.testrunner"/>
  <system-out/>
  <testcase name="runScenario" time="9.173" classname="runners.testrunner"/>
  <system-out/>
  <testcase name="runScenario" time="8.560" classname="runners.testrunner"/>
  <system-out/>
  <testcase name="runScenario" time="8.380" classname="runners.testrunner"/>
  <system-out/>
  <testcase name="runScenario" time="12.818" classname="runners.testrunner"/>
  <system-out/>
  <testcase name="runScenario" time="11.160" classname="runners.testrunner"/>
  <system-out/>
  <testcase name="runScenario" time="8.647" classname="runners.testrunner"/>
  <system-out/>
  <testcase name="runScenario" time="13.860" classname="runners.testrunner"/>
  <system-out/>
  <testcase name="runScenario" time="7.887" classname="runners.testrunner">
    <error type="java.lang.IndexOutOfBoundsException" message="Index: 1, Size: 1">
      <![CDATA[java.lang.IndexOutOfBoundsException: Index: 1, Size: 1
at java.util.ArrayList.rangeCheck(ArrayList.java:659)
at java.util.ArrayList.get(ArrayList.java:435)
at stepDefinitions.D07_followUsStepDef.follow_us_link_opens(D07_followUsStepDef.java:57)
at ✽."https://demo.nopcommerce.com/new-online-store-is-open" is opened in new tab(file:///D:/E-commerce%20app/NEW_E_COMMERCE/src/main/resources/features/F07_followUs.feature:14)
]]>
    </error>
  </testcase> <!-- runScenario -->
  <system-out/>
  <testcase name="runScenario" time="10.150" classname="runners.testrunner"/>
  <system-out/>
  <testcase name="runScenario" time="8.510" classname="runners.testrunner"/>
  <system-out/>
  <testcase name="runScenario" time="8.111" classname="runners.testrunner"/>
  <system-out/>
</testsuite> <!-- runners.testrunner -->
