<?xml version="1.0" encoding="UTF-8"?>
<!-- Generated by org.testng.reporters.JUnitReportReporter -->
<testsuite hostname="DESKTOP-MC67K9O" failures="4" tests="19" name="runners.testrunner" time="156.654" errors="1" timestamp="2023-02-17T17:46:12 EET" skipped="0">
  <testcase classname="runners.testrunner" name="runScenario" time="6.598"/>
  <system-out/>
  <testcase classname="runners.testrunner" name="runScenario" time="8.044"/>
  <system-out/>
  <testcase classname="runners.testrunner" name="runScenario" time="8.444"/>
  <system-out/>
  <testcase classname="runners.testrunner" name="runScenario" time="9.808"/>
  <system-out/>
  <testcase classname="runners.testrunner" name="runScenario" time="5.398"/>
  <system-out/>
  <testcase classname="runners.testrunner" name="runScenario" time="12.379"/>
  <system-out/>
  <testcase classname="runners.testrunner" name="runScenario" time="6.590"/>
  <system-out/>
  <testcase classname="runners.testrunner" name="runScenario" time="6.578">
    <failure message="The following asserts failed:
	expected [true] but found [false],
	expected [true] but found [false]" type="java.lang.AssertionError">
      <![CDATA[java.lang.AssertionError: The following asserts failed:
expected [true] but found [false],
expected [true] but found [false]
at org.testng.asserts.SoftAssert.assertAll(SoftAssert.java:46)
at org.testng.asserts.SoftAssert.assertAll(SoftAssert.java:30)
at stepDefinitions.D04_searchStepDef.check_results(D04_searchStepDef.java:69)
at ✽.results contains "book"(file:///D:/E-commerce%20app/NEW_E_COMMERCE/src/main/resources/features/F04_Search.feature:8)
]]>
    </failure>
  </testcase> <!-- runScenario -->
  <system-out/>
  <testcase classname="runners.testrunner" name="runScenario" time="15.519"/>
  <system-out/>
  <testcase classname="runners.testrunner" name="runScenario" time="8.514"/>
  <system-out/>
  <testcase classname="runners.testrunner" name="runScenario" time="7.242">
    <failure message="The following asserts failed:
	Page Is Wrong expected [true] but found [false]" type="java.lang.AssertionError">
      <![CDATA[java.lang.AssertionError: The following asserts failed:
Page Is Wrong expected [true] but found [false]
at org.testng.asserts.SoftAssert.assertAll(SoftAssert.java:46)
at org.testng.asserts.SoftAssert.assertAll(SoftAssert.java:30)
at stepDefinitions.D06_homeSlidersStepDef.click_on_image(D06_homeSlidersStepDef.java:29)
at ✽.new page is opened with expected url "https://demo.nopcommerce.com/nokia-lumia-1020"(file:///D:/E-commerce%20app/NEW_E_COMMERCE/src/main/resources/features/F06_homeSliders.feature:5)
]]>
    </failure>
  </testcase> <!-- runScenario -->
  <system-out/>
  <testcase classname="runners.testrunner" name="runScenario" time="8.158"/>
  <system-out/>
  <testcase classname="runners.testrunner" name="runScenario" time="7.193">
    <error message="Index 1 out of bounds for length 1" type="java.lang.IndexOutOfBoundsException">
      <![CDATA[java.lang.IndexOutOfBoundsException: Index 1 out of bounds for length 1
at java.base/jdk.internal.util.Preconditions.outOfBounds(Preconditions.java:100)
at java.base/jdk.internal.util.Preconditions.outOfBoundsCheckIndex(Preconditions.java:106)
at java.base/jdk.internal.util.Preconditions.checkIndex(Preconditions.java:302)
at java.base/java.util.Objects.checkIndex(Objects.java:359)
at java.base/java.util.ArrayList.get(ArrayList.java:427)
at stepDefinitions.D07_followUsStepDef.follow_us_link_opens(D07_followUsStepDef.java:57)
at ✽."https://demo.nopcommerce.com/new-online-store-is-open" is opened in new tab(file:///D:/E-commerce%20app/NEW_E_COMMERCE/src/main/resources/features/F07_followUs.feature:14)
]]>
    </error>
  </testcase> <!-- runScenario -->
  <system-out/>
  <testcase classname="runners.testrunner" name="runScenario" time="7.955">
    <failure message="The following asserts failed:
	expected [true] but found [false]" type="java.lang.AssertionError">
      <![CDATA[java.lang.AssertionError: The following asserts failed:
expected [true] but found [false]
at org.testng.asserts.SoftAssert.assertAll(SoftAssert.java:46)
at org.testng.asserts.SoftAssert.assertAll(SoftAssert.java:30)
at stepDefinitions.D02_loginStepDef.user_login_success(D02_loginStepDef.java:63)
at ✽.user login to the system successfully(file:///D:/E-commerce%20app/NEW_E_COMMERCE/src/main/resources/features/F02_Login.feature:12)
]]>
    </failure>
  </testcase> <!-- runScenario -->
  <system-out/>
  <testcase classname="runners.testrunner" name="runScenario" time="7.565"/>
  <system-out/>
  <testcase classname="runners.testrunner" name="runScenario" time="8.239"/>
  <system-out/>
  <testcase classname="runners.testrunner" name="runScenario" time="8.649"/>
  <system-out/>
  <testcase classname="runners.testrunner" name="runScenario" time="6.586"/>
  <system-out/>
  <testcase classname="runners.testrunner" name="runScenario" time="7.195">
    <failure message="The following asserts failed:
	Page Is Wrong expected [true] but found [false]" type="java.lang.AssertionError">
      <![CDATA[java.lang.AssertionError: The following asserts failed:
Page Is Wrong expected [true] but found [false]
at org.testng.asserts.SoftAssert.assertAll(SoftAssert.java:46)
at org.testng.asserts.SoftAssert.assertAll(SoftAssert.java:30)
at stepDefinitions.D06_homeSlidersStepDef.click_on_image(D06_homeSlidersStepDef.java:29)
at ✽.new page is opened with expected url "https://demo.nopcommerce.com/iphone-6"(file:///D:/E-commerce%20app/NEW_E_COMMERCE/src/main/resources/features/F06_homeSliders.feature:9)
]]>
    </failure>
  </testcase> <!-- runScenario -->
  <system-out/>
</testsuite> <!-- runners.testrunner -->
